<?xml version="1.0" encoding="UTF-8"?>
<!-- Generated by org.testng.reporters.JUnitReportReporter -->
<testsuite skipped="0" hostname="Admin-PC" name="RegisterPage.ThinkRegister" tests="2" failures="0" timestamp="2020-08-23T13:59:15 IST" time="52.699" errors="0">
  <testcase name="SelectDropDown" time="3.476" classname="RegisterPage.ThinkRegister"/>
  <system-out/>
  <testcase name="OpenBrowser" time="49.223" classname="RegisterPage.ThinkRegister"/>
  <system-out/>
</testsuite> <!-- RegisterPage.ThinkRegister -->
